# JRE version: Java(TM) SE Runtime Environment (8.0_31-b13) (build 1.8.0_31-b13)
# Java VM: Java HotSpot(TM) Client VM (25.31-b07 mixed mode, sharing windows-x86 )
Heap:
 def new generation   total 20672K, used 477K [0x04800000, 0x05e60000, 0x09d50000)
  eden space 18432K,   2% used [0x04800000, 0x04877580, 0x05a00000)
  from space 2240K,   0% used [0x05a00000, 0x05a00000, 0x05c30000)
  to   space 2240K,   0% used [0x05c30000, 0x05c30000, 0x05e60000)
 tenured generation   total 45712K, used 24021K [0x09d50000, 0x0c9f4000, 0x14800000)
   the space 45712K,  52% used [0x09d50000, 0x0b4c55b8, 0x0b4c5600, 0x0c9f4000)
 Metaspace       used 6004K, capacity 6848K, committed 6912K, reserved 7552K
GC Heap History (10 events):
Event: 6.251 GC heap before
{Heap before GC invocations=19 (full 5):
 def new generation   total 20672K, used 60K [0x04800000, 0x05e60000, 0x09d50000)
  eden space 18432K,   0% used [0x04800000, 0x0480f020, 0x05a00000)
  from space 2240K,   0% used [0x05a00000, 0x05a00000, 0x05c30000)
  to   space 2240K,   0% used [0x05c30000, 0x05c30000, 0x05e60000)
 tenured generation   total 45712K, used 26291K [0x09d50000, 0x0c9f4000, 0x14800000)
   the space 45712K,  57% used [0x09d50000, 0x0b6fcd90, 0x0b6fce00, 0x0c9f4000)
 Metaspace       used 5975K, capacity 6848K, committed 6912K, reserved 7552K
Event: 6.267 GC heap after
Heap after GC invocations=20 (full 6):
 def new generation   total 20672K, used 0K [0x04800000, 0x05e60000, 0x09d50000)
  eden space 18432K,   0% used [0x04800000, 0x04800000, 0x05a00000)
  from space 2240K,   0% used [0x05a00000, 0x05a00000, 0x05c30000)
  to   space 2240K,   0% used [0x05c30000, 0x05c30000, 0x05e60000)
 tenured generation   total 45712K, used 26291K [0x09d50000, 0x0c9f4000, 0x14800000)
   the space 45712K,  57% used [0x09d50000, 0x0b6fcde0, 0x0b6fce00, 0x0c9f4000)
 Metaspace       used 5975K, capacity 6848K, committed 6912K, reserved 7552K
}
Event: 6.267 GC heap before
{Heap before GC invocations=20 (full 6):
 def new generation   total 20672K, used 0K [0x04800000, 0x05e60000, 0x09d50000)
  eden space 18432K,   0% used [0x04800000, 0x04800018, 0x05a00000)
  from space 2240K,   0% used [0x05a00000, 0x05a00000, 0x05c30000)
  to   space 2240K,   0% used [0x05c30000, 0x05c30000, 0x05e60000)
 tenured generation   total 45712K, used 26291K [0x09d50000, 0x0c9f4000, 0x14800000)
   the space 45712K,  57% used [0x09d50000, 0x0b6fcde0, 0x0b6fce00, 0x0c9f4000)
 Metaspace       used 5975K, capacity 6848K, committed 6912K, reserved 7552K
Event: 6.282 GC heap after
Heap after GC invocations=21 (full 7):
 def new generation   total 20672K, used 0K [0x04800000, 0x05e60000, 0x09d50000)
  eden space 18432K,   0% used [0x04800000, 0x04800000, 0x05a00000)
  from space 2240K,   0% used [0x05a00000, 0x05a00000, 0x05c30000)
  to   space 2240K,   0% used [0x05c30000, 0x05c30000, 0x05e60000)
 tenured generation   total 45712K, used 26291K [0x09d50000, 0x0c9f4000, 0x14800000)
   the space 45712K,  57% used [0x09d50000, 0x0b6fcdf8, 0x0b6fce00, 0x0c9f4000)
 Metaspace       used 5975K, capacity 6848K, committed 6912K, reserved 7552K
}
Event: 6.282 GC heap before
{Heap before GC invocations=21 (full 7):
 def new generation   total 20672K, used 152K [0x04800000, 0x05e60000, 0x09d50000)
  eden space 18432K,   0% used [0x04800000, 0x04826108, 0x05a00000)
  from space 2240K,   0% used [0x05a00000, 0x05a00000, 0x05c30000)
  to   space 2240K,   0% used [0x05c30000, 0x05c30000, 0x05e60000)
 tenured generation   total 45712K, used 26291K [0x09d50000, 0x0c9f4000, 0x14800000)
   the space 45712K,  57% used [0x09d50000, 0x0b6fcdf8, 0x0b6fce00, 0x0c9f4000)
 Metaspace       used 5975K, capacity 6848K, committed 6912K, reserved 7552K
Event: 6.300 GC heap after
Heap after GC invocations=22 (full 8):
 def new generation   total 20672K, used 0K [0x04800000, 0x05e60000, 0x09d50000)
  eden space 18432K,   0% used [0x04800000, 0x04800000, 0x05a00000)
  from space 2240K,   0% used [0x05a00000, 0x05a00000, 0x05c30000)
  to   space 2240K,   0% used [0x05c30000, 0x05c30000, 0x05e60000)
 tenured generation   total 45712K, used 25719K [0x09d50000, 0x0c9f4000, 0x14800000)
   the space 45712K,  56% used [0x09d50000, 0x0b66dc40, 0x0b66de00, 0x0c9f4000)
 Metaspace       used 5975K, capacity 6848K, committed 6912K, reserved 7552K
}
Event: 6.300 GC heap before
{Heap before GC invocations=22 (full 8):
 def new generation   total 20672K, used 0K [0x04800000, 0x05e60000, 0x09d50000)
  eden space 18432K,   0% used [0x04800000, 0x04800058, 0x05a00000)
  from space 2240K,   0% used [0x05a00000, 0x05a00000, 0x05c30000)
  to   space 2240K,   0% used [0x05c30000, 0x05c30000, 0x05e60000)
 tenured generation   total 45712K, used 25719K [0x09d50000, 0x0c9f4000, 0x14800000)
   the space 45712K,  56% used [0x09d50000, 0x0b66dc40, 0x0b66de00, 0x0c9f4000)
 Metaspace       used 5975K, capacity 6848K, committed 6912K, reserved 7552K
Event: 6.316 GC heap after
Heap after GC invocations=23 (full 9):
 def new generation   total 20672K, used 0K [0x04800000, 0x05e60000, 0x09d50000)
  eden space 18432K,   0% used [0x04800000, 0x04800000, 0x05a00000)
  from space 2240K,   0% used [0x05a00000, 0x05a00000, 0x05c30000)
  to   space 2240K,   0% used [0x05c30000, 0x05c30000, 0x05e60000)
 tenured generation   total 45712K, used 25719K [0x09d50000, 0x0c9f4000, 0x14800000)
   the space 45712K,  56% used [0x09d50000, 0x0b66dc70, 0x0b66de00, 0x0c9f4000)
 Metaspace       used 5975K, capacity 6848K, committed 6912K, reserved 7552K
}
Event: 6.316 GC heap before
{Heap before GC invocations=23 (full 9):
 def new generation   total 20672K, used 0K [0x04800000, 0x05e60000, 0x09d50000)
  eden space 18432K,   0% used [0x04800000, 0x04800000, 0x05a00000)
  from space 2240K,   0% used [0x05a00000, 0x05a00000, 0x05c30000)
  to   space 2240K,   0% used [0x05c30000, 0x05c30000, 0x05e60000)
 tenured generation   total 45712K, used 25719K [0x09d50000, 0x0c9f4000, 0x14800000)
   the space 45712K,  56% used [0x09d50000, 0x0b66dc70, 0x0b66de00, 0x0c9f4000)
 Metaspace       used 5975K, capacity 6848K, committed 6912K, reserved 7552K
Event: 6.332 GC heap after
Heap after GC invocations=24 (full 10):
 def new generation   total 20672K, used 0K [0x04800000, 0x05e60000, 0x09d50000)
  eden space 18432K,   0% used [0x04800000, 0x04800000, 0x05a00000)
  from space 2240K,   0% used [0x05a00000, 0x05a00000, 0x05c30000)
  to   space 2240K,   0% used [0x05c30000, 0x05c30000, 0x05e60000)
 tenured generation   total 45712K, used 24021K [0x09d50000, 0x0c9f4000, 0x14800000)
   the space 45712K,  52% used [0x09d50000, 0x0b4c55b8, 0x0b4c5600, 0x0c9f4000)
 Metaspace       used 5975K, capacity 6848K, committed 6912K, reserved 7552K
}

