# JRE version: Java(TM) SE Runtime Environment (8.0_31-b13) (build 1.8.0_31-b13)
# Java VM: Java HotSpot(TM) Client VM (25.31-b07 mixed mode, sharing windows-x86 )
Heap:
 def new generation   total 15168K, used 2281K [0x04800000, 0x05870000, 0x09d50000)
  eden space 13504K,   4% used [0x04800000, 0x0489a5d0, 0x05530000)
  from space 1664K, 100% used [0x056d0000, 0x05870000, 0x05870000)
  to   space 1664K,   0% used [0x05530000, 0x05530000, 0x056d0000)
 tenured generation   total 33508K, used 26058K [0x09d50000, 0x0be09000, 0x14800000)
   the space 33508K,  77% used [0x09d50000, 0x0b6c29b0, 0x0b876800, 0x0be09000)
 Metaspace       used 5999K, capacity 6846K, committed 6912K, reserved 7552K
GC Heap History (10 events):
Event: 2.132 GC heap before
{Heap before GC invocations=10 (full 1):
 def new generation   total 8128K, used 7398K [0x04800000, 0x050d0000, 0x09d50000)
  eden space 7232K, 100% used [0x04800000, 0x04f10000, 0x04f10000)
  from space 896K,  18% used [0x04ff0000, 0x05019ba8, 0x050d0000)
  to   space 896K,   0% used [0x04f10000, 0x04f10000, 0x04ff0000)
 tenured generation   total 17916K, used 10749K [0x09d50000, 0x0aecf000, 0x14800000)
   the space 17916K,  59% used [0x09d50000, 0x0a7cf558, 0x0a7cf600, 0x0aecf000)
 Metaspace       used 5068K, capacity 6415K, committed 6528K, reserved 6528K
Event: 2.133 GC heap after
Heap after GC invocations=11 (full 1):
 def new generation   total 8128K, used 166K [0x04800000, 0x050d0000, 0x09d50000)
  eden space 7232K,   0% used [0x04800000, 0x04800000, 0x04f10000)
  from space 896K,  18% used [0x04f10000, 0x04f399e0, 0x04ff0000)
  to   space 896K,   0% used [0x04ff0000, 0x04ff0000, 0x050d0000)
 tenured generation   total 17916K, used 10749K [0x09d50000, 0x0aecf000, 0x14800000)
   the space 17916K,  59% used [0x09d50000, 0x0a7cf558, 0x0a7cf600, 0x0aecf000)
 Metaspace       used 5068K, capacity 6415K, committed 6528K, reserved 6528K
}
Event: 2.800 GC heap before
{Heap before GC invocations=11 (full 1):
 def new generation   total 8128K, used 7398K [0x04800000, 0x050d0000, 0x09d50000)
  eden space 7232K, 100% used [0x04800000, 0x04f10000, 0x04f10000)
  from space 896K,  18% used [0x04f10000, 0x04f399e0, 0x04ff0000)
  to   space 896K,   0% used [0x04ff0000, 0x04ff0000, 0x050d0000)
 tenured generation   total 17916K, used 10749K [0x09d50000, 0x0aecf000, 0x14800000)
   the space 17916K,  59% used [0x09d50000, 0x0a7cf558, 0x0a7cf600, 0x0aecf000)
 Metaspace       used 5466K, capacity 6639K, committed 6656K, reserved 7552K
Event: 2.804 GC heap after
Heap after GC invocations=12 (full 1):
 def new generation   total 8128K, used 785K [0x04800000, 0x050d0000, 0x09d50000)
  eden space 7232K,   0% used [0x04800000, 0x04800000, 0x04f10000)
  from space 896K,  87% used [0x04ff0000, 0x050b46d8, 0x050d0000)
  to   space 896K,   0% used [0x04f10000, 0x04f10000, 0x04ff0000)
 tenured generation   total 17916K, used 10749K [0x09d50000, 0x0aecf000, 0x14800000)
   the space 17916K,  59% used [0x09d50000, 0x0a7cf558, 0x0a7cf600, 0x0aecf000)
 Metaspace       used 5466K, capacity 6639K, committed 6656K, reserved 7552K
}
Event: 2.917 GC heap before
{Heap before GC invocations=12 (full 1):
 def new generation   total 8128K, used 7215K [0x04800000, 0x050d0000, 0x09d50000)
  eden space 7232K,  88% used [0x04800000, 0x04e47688, 0x04f10000)
  from space 896K,  87% used [0x04ff0000, 0x050b46d8, 0x050d0000)
  to   space 896K,   0% used [0x04f10000, 0x04f10000, 0x04ff0000)
 tenured generation   total 17916K, used 10749K [0x09d50000, 0x0aecf000, 0x14800000)
   the space 17916K,  59% used [0x09d50000, 0x0a7cf558, 0x0a7cf600, 0x0aecf000)
 Metaspace       used 5865K, capacity 6767K, committed 6784K, reserved 7552K
Event: 2.923 GC heap after
Heap after GC invocations=13 (full 1):
 def new generation   total 8128K, used 896K [0x04800000, 0x050d0000, 0x09d50000)
  eden space 7232K,   0% used [0x04800000, 0x04800000, 0x04f10000)
  from space 896K, 100% used [0x04f10000, 0x04ff0000, 0x04ff0000)
  to   space 896K,   0% used [0x04ff0000, 0x04ff0000, 0x050d0000)
 tenured generation   total 17916K, used 14207K [0x09d50000, 0x0aecf000, 0x14800000)
   the space 17916K,  79% used [0x09d50000, 0x0ab2fe28, 0x0ab30000, 0x0aecf000)
 Metaspace       used 5865K, capacity 6767K, committed 6784K, reserved 7552K
}
Event: 3.456 GC heap before
{Heap before GC invocations=13 (full 1):
 def new generation   total 8128K, used 6709K [0x04800000, 0x050d0000, 0x09d50000)
  eden space 7232K,  80% used [0x04800000, 0x04dad570, 0x04f10000)
  from space 896K, 100% used [0x04f10000, 0x04ff0000, 0x04ff0000)
  to   space 896K,   0% used [0x04ff0000, 0x04ff0000, 0x050d0000)
 tenured generation   total 17916K, used 14207K [0x09d50000, 0x0aecf000, 0x14800000)
   the space 17916K,  79% used [0x09d50000, 0x0ab2fe28, 0x0ab30000, 0x0aecf000)
 Metaspace       used 5876K, capacity 6767K, committed 6784K, reserved 7552K
Event: 3.478 GC heap after
Heap after GC invocations=14 (full 2):
 def new generation   total 15168K, used 0K [0x04800000, 0x05870000, 0x09d50000)
  eden space 13504K,   0% used [0x04800000, 0x04800000, 0x05530000)
  from space 1664K,   0% used [0x05530000, 0x05530000, 0x056d0000)
  to   space 1664K,   0% used [0x056d0000, 0x056d0000, 0x05870000)
 tenured generation   total 33508K, used 20103K [0x09d50000, 0x0be09000, 0x14800000)
   the space 33508K,  59% used [0x09d50000, 0x0b0f1dd0, 0x0b0f1e00, 0x0be09000)
 Metaspace       used 5876K, capacity 6767K, committed 6784K, reserved 7552K
}
Event: 4.963 GC heap before
{Heap before GC invocations=14 (full 2):
 def new generation   total 15168K, used 13504K [0x04800000, 0x05870000, 0x09d50000)
  eden space 13504K, 100% used [0x04800000, 0x05530000, 0x05530000)
  from space 1664K,   0% used [0x05530000, 0x05530000, 0x056d0000)
  to   space 1664K,   0% used [0x056d0000, 0x056d0000, 0x05870000)
 tenured generation   total 33508K, used 20103K [0x09d50000, 0x0be09000, 0x14800000)
   the space 33508K,  59% used [0x09d50000, 0x0b0f1dd0, 0x0b0f1e00, 0x0be09000)
 Metaspace       used 5928K, capacity 6811K, committed 6912K, reserved 7552K
Event: 4.967 GC heap after
Heap after GC invocations=15 (full 2):
 def new generation   total 15168K, used 1664K [0x04800000, 0x05870000, 0x09d50000)
  eden space 13504K,   0% used [0x04800000, 0x04800000, 0x05530000)
  from space 1664K, 100% used [0x056d0000, 0x05870000, 0x05870000)
  to   space 1664K,   0% used [0x05530000, 0x05530000, 0x056d0000)
 tenured generation   total 33508K, used 26058K [0x09d50000, 0x0be09000, 0x14800000)
   the space 33508K,  77% used [0x09d50000, 0x0b6c29b0, 0x0b6c2a00, 0x0be09000)
 Metaspace       used 5928K, capacity 6811K, committed 6912K, reserved 7552K
}

