# JRE version: Java(TM) SE Runtime Environment (8.0_31-b13) (build 1.8.0_31-b13)
# Java VM: Java HotSpot(TM) Client VM (25.31-b07 mixed mode, sharing windows-x86 )
Heap:
 def new generation   total 20864K, used 506K [0x04800000, 0x05ea0000, 0x09d50000)
  eden space 18560K,   2% used [0x04800000, 0x0487e9f8, 0x05a20000)
  from space 2304K,   0% used [0x05a20000, 0x05a20000, 0x05c60000)
  to   space 2304K,   0% used [0x05c60000, 0x05c60000, 0x05ea0000)
 tenured generation   total 46184K, used 23989K [0x09d50000, 0x0ca6a000, 0x14800000)
   the space 46184K,  51% used [0x09d50000, 0x0b4bd7e0, 0x0b4bd800, 0x0ca6a000)
 Metaspace       used 6004K, capacity 6848K, committed 6912K, reserved 7552K
GC Heap History (10 events):
Event: 7.874 GC heap before
{Heap before GC invocations=18 (full 5):
 def new generation   total 20864K, used 92K [0x04800000, 0x05ea0000, 0x09d50000)
  eden space 18560K,   0% used [0x04800000, 0x048173a0, 0x05a20000)
  from space 2304K,   0% used [0x05a20000, 0x05a20000, 0x05c60000)
  to   space 2304K,   0% used [0x05c60000, 0x05c60000, 0x05ea0000)
 tenured generation   total 46184K, used 26260K [0x09d50000, 0x0ca6a000, 0x14800000)
   the space 46184K,  56% used [0x09d50000, 0x0b6f52c8, 0x0b6f5400, 0x0ca6a000)
 Metaspace       used 5989K, capacity 6848K, committed 6912K, reserved 7552K
Event: 7.891 GC heap after
Heap after GC invocations=19 (full 6):
 def new generation   total 20864K, used 0K [0x04800000, 0x05ea0000, 0x09d50000)
  eden space 18560K,   0% used [0x04800000, 0x04800000, 0x05a20000)
  from space 2304K,   0% used [0x05a20000, 0x05a20000, 0x05c60000)
  to   space 2304K,   0% used [0x05c60000, 0x05c60000, 0x05ea0000)
 tenured generation   total 46184K, used 26260K [0x09d50000, 0x0ca6a000, 0x14800000)
   the space 46184K,  56% used [0x09d50000, 0x0b6f53a8, 0x0b6f5400, 0x0ca6a000)
 Metaspace       used 5989K, capacity 6848K, committed 6912K, reserved 7552K
}
Event: 7.891 GC heap before
{Heap before GC invocations=19 (full 6):
 def new generation   total 20864K, used 92K [0x04800000, 0x05ea0000, 0x09d50000)
  eden space 18560K,   0% used [0x04800000, 0x048173c8, 0x05a20000)
  from space 2304K,   0% used [0x05a20000, 0x05a20000, 0x05c60000)
  to   space 2304K,   0% used [0x05c60000, 0x05c60000, 0x05ea0000)
 tenured generation   total 46184K, used 26260K [0x09d50000, 0x0ca6a000, 0x14800000)
   the space 46184K,  56% used [0x09d50000, 0x0b6f53a8, 0x0b6f5400, 0x0ca6a000)
 Metaspace       used 5991K, capacity 6848K, committed 6912K, reserved 7552K
Event: 7.907 GC heap after
Heap after GC invocations=20 (full 7):
 def new generation   total 20864K, used 0K [0x04800000, 0x05ea0000, 0x09d50000)
  eden space 18560K,   0% used [0x04800000, 0x04800000, 0x05a20000)
  from space 2304K,   0% used [0x05a20000, 0x05a20000, 0x05c60000)
  to   space 2304K,   0% used [0x05c60000, 0x05c60000, 0x05ea0000)
 tenured generation   total 46184K, used 26261K [0x09d50000, 0x0ca6a000, 0x14800000)
   the space 46184K,  56% used [0x09d50000, 0x0b6f5438, 0x0b6f5600, 0x0ca6a000)
 Metaspace       used 5991K, capacity 6848K, committed 6912K, reserved 7552K
}
Event: 7.908 GC heap before
{Heap before GC invocations=20 (full 7):
 def new generation   total 20864K, used 40K [0x04800000, 0x05ea0000, 0x09d50000)
  eden space 18560K,   0% used [0x04800000, 0x0480a150, 0x05a20000)
  from space 2304K,   0% used [0x05a20000, 0x05a20000, 0x05c60000)
  to   space 2304K,   0% used [0x05c60000, 0x05c60000, 0x05ea0000)
 tenured generation   total 46184K, used 26261K [0x09d50000, 0x0ca6a000, 0x14800000)
   the space 46184K,  56% used [0x09d50000, 0x0b6f5438, 0x0b6f5600, 0x0ca6a000)
 Metaspace       used 5991K, capacity 6848K, committed 6912K, reserved 7552K
Event: 7.930 GC heap after
Heap after GC invocations=21 (full 8):
 def new generation   total 20864K, used 0K [0x04800000, 0x05ea0000, 0x09d50000)
  eden space 18560K,   0% used [0x04800000, 0x04800000, 0x05a20000)
  from space 2304K,   0% used [0x05a20000, 0x05a20000, 0x05c60000)
  to   space 2304K,   0% used [0x05c60000, 0x05c60000, 0x05ea0000)
 tenured generation   total 46184K, used 25677K [0x09d50000, 0x0ca6a000, 0x14800000)
   the space 46184K,  55% used [0x09d50000, 0x0b6637a8, 0x0b663800, 0x0ca6a000)
 Metaspace       used 5991K, capacity 6848K, committed 6912K, reserved 7552K
}
Event: 7.930 GC heap before
{Heap before GC invocations=21 (full 8):
 def new generation   total 20864K, used 92K [0x04800000, 0x05ea0000, 0x09d50000)
  eden space 18560K,   0% used [0x04800000, 0x04817348, 0x05a20000)
  from space 2304K,   0% used [0x05a20000, 0x05a20000, 0x05c60000)
  to   space 2304K,   0% used [0x05c60000, 0x05c60000, 0x05ea0000)
 tenured generation   total 46184K, used 25677K [0x09d50000, 0x0ca6a000, 0x14800000)
   the space 46184K,  55% used [0x09d50000, 0x0b6637a8, 0x0b663800, 0x0ca6a000)
 Metaspace       used 5991K, capacity 6848K, committed 6912K, reserved 7552K
Event: 7.949 GC heap after
Heap after GC invocations=22 (full 9):
 def new generation   total 20864K, used 0K [0x04800000, 0x05ea0000, 0x09d50000)
  eden space 18560K,   0% used [0x04800000, 0x04800000, 0x05a20000)
  from space 2304K,   0% used [0x05a20000, 0x05a20000, 0x05c60000)
  to   space 2304K,   0% used [0x05c60000, 0x05c60000, 0x05ea0000)
 tenured generation   total 46184K, used 25677K [0x09d50000, 0x0ca6a000, 0x14800000)
   the space 46184K,  55% used [0x09d50000, 0x0b6637b8, 0x0b663800, 0x0ca6a000)
 Metaspace       used 5991K, capacity 6848K, committed 6912K, reserved 7552K
}
Event: 7.949 GC heap before
{Heap before GC invocations=22 (full 9):
 def new generation   total 20864K, used 92K [0x04800000, 0x05ea0000, 0x09d50000)
  eden space 18560K,   0% used [0x04800000, 0x04817338, 0x05a20000)
  from space 2304K,   0% used [0x05a20000, 0x05a20000, 0x05c60000)
  to   space 2304K,   0% used [0x05c60000, 0x05c60000, 0x05ea0000)
 tenured generation   total 46184K, used 25677K [0x09d50000, 0x0ca6a000, 0x14800000)
   the space 46184K,  55% used [0x09d50000, 0x0b6637b8, 0x0b663800, 0x0ca6a000)
 Metaspace       used 5991K, capacity 6848K, committed 6912K, reserved 7552K
Event: 7.966 GC heap after
Heap after GC invocations=23 (full 10):
 def new generation   total 20864K, used 0K [0x04800000, 0x05ea0000, 0x09d50000)
  eden space 18560K,   0% used [0x04800000, 0x04800000, 0x05a20000)
  from space 2304K,   0% used [0x05a20000, 0x05a20000, 0x05c60000)
  to   space 2304K,   0% used [0x05c60000, 0x05c60000, 0x05ea0000)
 tenured generation   total 46184K, used 23989K [0x09d50000, 0x0ca6a000, 0x14800000)
   the space 46184K,  51% used [0x09d50000, 0x0b4bd7e0, 0x0b4bd800, 0x0ca6a000)
 Metaspace       used 5991K, capacity 6848K, committed 6912K, reserved 7552K
}

