# JRE version: Java(TM) SE Runtime Environment (8.0_60-b27) (build 1.8.0_60-b27)
# Java VM: Java HotSpot(TM) 64-Bit Server VM (25.60-b23 mixed mode windows-amd64 compressed oops)
Heap:
 PSYoungGen      total 38400K, used 35286K [0x00000000d5980000, 0x00000000da480000, 0x0000000100000000)
  eden space 33280K, 93% used [0x00000000d5980000,0x00000000d77f3ae0,0x00000000d7a00000)
  from space 5120K, 80% used [0x00000000d7f00000,0x00000000d8301ff8,0x00000000d8400000)
  to   space 5120K, 0% used [0x00000000d7a00000,0x00000000d7a00000,0x00000000d7f00000)
 ParOldGen       total 87552K, used 5724K [0x0000000080c00000, 0x0000000086180000, 0x00000000d5980000)
  object space 87552K, 6% used [0x0000000080c00000,0x0000000081197230,0x0000000086180000)
 Metaspace       used 18669K, capacity 18891K, committed 19200K, reserved 1067008K
  class space    used 1849K, capacity 1922K, committed 2048K, reserved 1048576K
GC Heap History (4 events):
Event: 28.328 GC heap before
{Heap before GC invocations=1 (full 0):
 PSYoungGen      total 38400K, used 33280K [0x00000000d5980000, 0x00000000d8400000, 0x0000000100000000)
  eden space 33280K, 100% used [0x00000000d5980000,0x00000000d7a00000,0x00000000d7a00000)
  from space 5120K, 0% used [0x00000000d7f00000,0x00000000d7f00000,0x00000000d8400000)
  to   space 5120K, 0% used [0x00000000d7a00000,0x00000000d7a00000,0x00000000d7f00000)
 ParOldGen       total 87552K, used 0K [0x0000000080c00000, 0x0000000086180000, 0x00000000d5980000)
  object space 87552K, 0% used [0x0000000080c00000,0x0000000080c00000,0x0000000086180000)
 Metaspace       used 16090K, capacity 16331K, committed 16640K, reserved 1064960K
  class space    used 1564K, capacity 1666K, committed 1792K, reserved 1048576K
Event: 28.341 GC heap after
Heap after GC invocations=1 (full 0):
 PSYoungGen      total 38400K, used 5094K [0x00000000d5980000, 0x00000000d8400000, 0x0000000100000000)
  eden space 33280K, 0% used [0x00000000d5980000,0x00000000d5980000,0x00000000d7a00000)
  from space 5120K, 99% used [0x00000000d7a00000,0x00000000d7ef9ba8,0x00000000d7f00000)
  to   space 5120K, 0% used [0x00000000d7f00000,0x00000000d7f00000,0x00000000d8400000)
 ParOldGen       total 87552K, used 5724K [0x0000000080c00000, 0x0000000086180000, 0x00000000d5980000)
  object space 87552K, 6% used [0x0000000080c00000,0x0000000081197230,0x0000000086180000)
 Metaspace       used 16090K, capacity 16331K, committed 16640K, reserved 1064960K
  class space    used 1564K, capacity 1666K, committed 1792K, reserved 1048576K
}
Event: 28.952 GC heap before
{Heap before GC invocations=2 (full 0):
 PSYoungGen      total 38400K, used 38374K [0x00000000d5980000, 0x00000000d8400000, 0x0000000100000000)
  eden space 33280K, 100% used [0x00000000d5980000,0x00000000d7a00000,0x00000000d7a00000)
  from space 5120K, 99% used [0x00000000d7a00000,0x00000000d7ef9ba8,0x00000000d7f00000)
  to   space 5120K, 0% used [0x00000000d7f00000,0x00000000d7f00000,0x00000000d8400000)
 ParOldGen       total 87552K, used 5724K [0x0000000080c00000, 0x0000000086180000, 0x00000000d5980000)
  object space 87552K, 6% used [0x0000000080c00000,0x0000000081197230,0x0000000086180000)
 Metaspace       used 16205K, capacity 16459K, committed 16640K, reserved 1064960K
  class space    used 1569K, capacity 1666K, committed 1792K, reserved 1048576K
Event: 28.968 GC heap after
Heap after GC invocations=2 (full 0):
 PSYoungGen      total 38400K, used 4103K [0x00000000d5980000, 0x00000000da480000, 0x0000000100000000)
  eden space 33280K, 0% used [0x00000000d5980000,0x00000000d5980000,0x00000000d7a00000)
  from space 5120K, 80% used [0x00000000d7f00000,0x00000000d8301ff8,0x00000000d8400000)
  to   space 5120K, 0% used [0x00000000d7a00000,0x00000000d7a00000,0x00000000d7f00000)
 ParOldGen       total 87552K, used 5724K [0x0000000080c00000, 0x0000000086180000, 0x00000000d5980000)
  object space 87552K, 6% used [0x0000000080c00000,0x0000000081197230,0x0000000086180000)
 Metaspace       used 16205K, capacity 16459K, committed 16640K, reserved 1064960K
  class space    used 1569K, capacity 1666K, committed 1792K, reserved 1048576K
}

