# JRE version: Java(TM) SE Runtime Environment (8.0_60-b27) (build 1.8.0_60-b27)
# Java VM: Java HotSpot(TM) 64-Bit Server VM (25.60-b23 mixed mode windows-amd64 compressed oops)
Heap:
 PSYoungGen      total 38400K, used 34430K [0x00000000d5980000, 0x00000000d8400000, 0x0000000100000000)
  eden space 33280K, 91% used [0x00000000d5980000,0x00000000d7729980,0x00000000d7a00000)
  from space 5120K, 79% used [0x00000000d7f00000,0x00000000d82f6008,0x00000000d8400000)
  to   space 5120K, 0% used [0x00000000d7a00000,0x00000000d7a00000,0x00000000d7f00000)
 ParOldGen       total 87552K, used 5712K [0x0000000080c00000, 0x0000000086180000, 0x00000000d5980000)
  object space 87552K, 6% used [0x0000000080c00000,0x0000000081194370,0x0000000086180000)
 Metaspace       used 18605K, capacity 18891K, committed 19200K, reserved 1067008K
  class space    used 1849K, capacity 1922K, committed 2048K, reserved 1048576K
GC Heap History (4 events):
Event: 15.324 GC heap before
{Heap before GC invocations=1 (full 0):
 PSYoungGen      total 38400K, used 33280K [0x00000000d5980000, 0x00000000d8400000, 0x0000000100000000)
  eden space 33280K, 100% used [0x00000000d5980000,0x00000000d7a00000,0x00000000d7a00000)
  from space 5120K, 0% used [0x00000000d7f00000,0x00000000d7f00000,0x00000000d8400000)
  to   space 5120K, 0% used [0x00000000d7a00000,0x00000000d7a00000,0x00000000d7f00000)
 ParOldGen       total 87552K, used 0K [0x0000000080c00000, 0x0000000086180000, 0x00000000d5980000)
  object space 87552K, 0% used [0x0000000080c00000,0x0000000080c00000,0x0000000086180000)
 Metaspace       used 16032K, capacity 16263K, committed 16640K, reserved 1064960K
  class space    used 1573K, capacity 1666K, committed 1792K, reserved 1048576K
Event: 15.336 GC heap after
Heap after GC invocations=1 (full 0):
 PSYoungGen      total 38400K, used 5113K [0x00000000d5980000, 0x00000000d8400000, 0x0000000100000000)
  eden space 33280K, 0% used [0x00000000d5980000,0x00000000d5980000,0x00000000d7a00000)
  from space 5120K, 99% used [0x00000000d7a00000,0x00000000d7efe7d8,0x00000000d7f00000)
  to   space 5120K, 0% used [0x00000000d7f00000,0x00000000d7f00000,0x00000000d8400000)
 ParOldGen       total 87552K, used 5712K [0x0000000080c00000, 0x0000000086180000, 0x00000000d5980000)
  object space 87552K, 6% used [0x0000000080c00000,0x0000000081194370,0x0000000086180000)
 Metaspace       used 16032K, capacity 16263K, committed 16640K, reserved 1064960K
  class space    used 1573K, capacity 1666K, committed 1792K, reserved 1048576K
}
Event: 15.977 GC heap before
{Heap before GC invocations=2 (full 0):
 PSYoungGen      total 38400K, used 38393K [0x00000000d5980000, 0x00000000d8400000, 0x0000000100000000)
  eden space 33280K, 100% used [0x00000000d5980000,0x00000000d7a00000,0x00000000d7a00000)
  from space 5120K, 99% used [0x00000000d7a00000,0x00000000d7efe7d8,0x00000000d7f00000)
  to   space 5120K, 0% used [0x00000000d7f00000,0x00000000d7f00000,0x00000000d8400000)
 ParOldGen       total 87552K, used 5712K [0x0000000080c00000, 0x0000000086180000, 0x00000000d5980000)
  object space 87552K, 6% used [0x0000000080c00000,0x0000000081194370,0x0000000086180000)
 Metaspace       used 16137K, capacity 16391K, committed 16640K, reserved 1064960K
  class space    used 1578K, capacity 1666K, committed 1792K, reserved 1048576K
Event: 15.989 GC heap after
Heap after GC invocations=2 (full 0):
 PSYoungGen      total 38400K, used 4056K [0x00000000d5980000, 0x00000000d8400000, 0x0000000100000000)
  eden space 33280K, 0% used [0x00000000d5980000,0x00000000d5980000,0x00000000d7a00000)
  from space 5120K, 79% used [0x00000000d7f00000,0x00000000d82f6008,0x00000000d8400000)
  to   space 5120K, 0% used [0x00000000d7a00000,0x00000000d7a00000,0x00000000d7f00000)
 ParOldGen       total 87552K, used 5712K [0x0000000080c00000, 0x0000000086180000, 0x00000000d5980000)
  object space 87552K, 6% used [0x0000000080c00000,0x0000000081194370,0x0000000086180000)
 Metaspace       used 16137K, capacity 16391K, committed 16640K, reserved 1064960K
  class space    used 1578K, capacity 1666K, committed 1792K, reserved 1048576K
}

