# JRE version: Java(TM) SE Runtime Environment (8.0_60-b27) (build 1.8.0_60-b27)
# Java VM: Java HotSpot(TM) 64-Bit Server VM (25.60-b23 mixed mode windows-amd64 compressed oops)
Heap:
 PSYoungGen      total 38400K, used 11687K [0x00000000d5980000, 0x00000000da480000, 0x0000000100000000)
  eden space 33280K, 19% used [0x00000000d5980000,0x00000000d5fec348,0x00000000d7a00000)
  from space 5120K, 99% used [0x00000000d7a00000,0x00000000d7efdca0,0x00000000d7f00000)
  to   space 5120K, 0% used [0x00000000d9f80000,0x00000000d9f80000,0x00000000da480000)
 ParOldGen       total 87552K, used 10509K [0x0000000080c00000, 0x0000000086180000, 0x00000000d5980000)
  object space 87552K, 12% used [0x0000000080c00000,0x0000000081643518,0x0000000086180000)
 Metaspace       used 18534K, capacity 18827K, committed 19200K, reserved 1067008K
  class space    used 1836K, capacity 1922K, committed 2048K, reserved 1048576K
GC Heap History (6 events):
Event: 18.578 GC heap before
{Heap before GC invocations=1 (full 0):
 PSYoungGen      total 38400K, used 33280K [0x00000000d5980000, 0x00000000d8400000, 0x0000000100000000)
  eden space 33280K, 100% used [0x00000000d5980000,0x00000000d7a00000,0x00000000d7a00000)
  from space 5120K, 0% used [0x00000000d7f00000,0x00000000d7f00000,0x00000000d8400000)
  to   space 5120K, 0% used [0x00000000d7a00000,0x00000000d7a00000,0x00000000d7f00000)
 ParOldGen       total 87552K, used 0K [0x0000000080c00000, 0x0000000086180000, 0x00000000d5980000)
  object space 87552K, 0% used [0x0000000080c00000,0x0000000080c00000,0x0000000086180000)
 Metaspace       used 15963K, capacity 16263K, committed 16640K, reserved 1064960K
  class space    used 1561K, capacity 1666K, committed 1792K, reserved 1048576K
Event: 18.591 GC heap after
Heap after GC invocations=1 (full 0):
 PSYoungGen      total 38400K, used 5115K [0x00000000d5980000, 0x00000000d8400000, 0x0000000100000000)
  eden space 33280K, 0% used [0x00000000d5980000,0x00000000d5980000,0x00000000d7a00000)
  from space 5120K, 99% used [0x00000000d7a00000,0x00000000d7efeef0,0x00000000d7f00000)
  to   space 5120K, 0% used [0x00000000d7f00000,0x00000000d7f00000,0x00000000d8400000)
 ParOldGen       total 87552K, used 5650K [0x0000000080c00000, 0x0000000086180000, 0x00000000d5980000)
  object space 87552K, 6% used [0x0000000080c00000,0x0000000081184928,0x0000000086180000)
 Metaspace       used 15963K, capacity 16263K, committed 16640K, reserved 1064960K
  class space    used 1561K, capacity 1666K, committed 1792K, reserved 1048576K
}
Event: 18.919 GC heap before
{Heap before GC invocations=2 (full 0):
 PSYoungGen      total 38400K, used 38395K [0x00000000d5980000, 0x00000000d8400000, 0x0000000100000000)
  eden space 33280K, 100% used [0x00000000d5980000,0x00000000d7a00000,0x00000000d7a00000)
  from space 5120K, 99% used [0x00000000d7a00000,0x00000000d7efeef0,0x00000000d7f00000)
  to   space 5120K, 0% used [0x00000000d7f00000,0x00000000d7f00000,0x00000000d8400000)
 ParOldGen       total 87552K, used 5650K [0x0000000080c00000, 0x0000000086180000, 0x00000000d5980000)
  object space 87552K, 6% used [0x0000000080c00000,0x0000000081184928,0x0000000086180000)
 Metaspace       used 16067K, capacity 16327K, committed 16640K, reserved 1064960K
  class space    used 1565K, capacity 1666K, committed 1792K, reserved 1048576K
Event: 18.929 GC heap after
Heap after GC invocations=2 (full 0):
 PSYoungGen      total 38400K, used 3990K [0x00000000d5980000, 0x00000000da480000, 0x0000000100000000)
  eden space 33280K, 0% used [0x00000000d5980000,0x00000000d5980000,0x00000000d7a00000)
  from space 5120K, 77% used [0x00000000d7f00000,0x00000000d82e58b0,0x00000000d8400000)
  to   space 5120K, 0% used [0x00000000d7a00000,0x00000000d7a00000,0x00000000d7f00000)
 ParOldGen       total 87552K, used 5650K [0x0000000080c00000, 0x0000000086180000, 0x00000000d5980000)
  object space 87552K, 6% used [0x0000000080c00000,0x0000000081184928,0x0000000086180000)
 Metaspace       used 16067K, capacity 16327K, committed 16640K, reserved 1064960K
  class space    used 1565K, capacity 1666K, committed 1792K, reserved 1048576K
}
Event: 20.073 GC heap before
{Heap before GC invocations=3 (full 0):
 PSYoungGen      total 38400K, used 35475K [0x00000000d5980000, 0x00000000da480000, 0x0000000100000000)
  eden space 33280K, 94% used [0x00000000d5980000,0x00000000d783f458,0x00000000d7a00000)
  from space 5120K, 77% used [0x00000000d7f00000,0x00000000d82e58b0,0x00000000d8400000)
  to   space 5120K, 0% used [0x00000000d7a00000,0x00000000d7a00000,0x00000000d7f00000)
 ParOldGen       total 87552K, used 5650K [0x0000000080c00000, 0x0000000086180000, 0x00000000d5980000)
  object space 87552K, 6% used [0x0000000080c00000,0x0000000081184928,0x0000000086180000)
 Metaspace       used 18514K, capacity 18763K, committed 18944K, reserved 1067008K
  class space    used 1835K, capacity 1922K, committed 2048K, reserved 1048576K
Event: 20.085 GC heap after
Heap after GC invocations=3 (full 0):
 PSYoungGen      total 38400K, used 5111K [0x00000000d5980000, 0x00000000da480000, 0x0000000100000000)
  eden space 33280K, 0% used [0x00000000d5980000,0x00000000d5980000,0x00000000d7a00000)
  from space 5120K, 99% used [0x00000000d7a00000,0x00000000d7efdca0,0x00000000d7f00000)
  to   space 5120K, 0% used [0x00000000d9f80000,0x00000000d9f80000,0x00000000da480000)
 ParOldGen       total 87552K, used 10509K [0x0000000080c00000, 0x0000000086180000, 0x00000000d5980000)
  object space 87552K, 12% used [0x0000000080c00000,0x0000000081643518,0x0000000086180000)
 Metaspace       used 18514K, capacity 18763K, committed 18944K, reserved 1067008K
  class space    used 1835K, capacity 1922K, committed 2048K, reserved 1048576K
}

