# JRE version: Java(TM) SE Runtime Environment (8.0_31-b13) (build 1.8.0_31-b13)
# Java VM: Java HotSpot(TM) Client VM (25.31-b07 mixed mode windows-x86 )
Heap:
 def new generation   total 20864K, used 419K [0x04a00000, 0x060a0000, 0x09f50000)
  eden space 18560K,   2% used [0x04a00000, 0x04a68d40, 0x05c20000)
  from space 2304K,   0% used [0x05c20000, 0x05c20000, 0x05e60000)
  to   space 2304K,   0% used [0x05e60000, 0x05e60000, 0x060a0000)
 tenured generation   total 46216K, used 24010K [0x09f50000, 0x0cc72000, 0x14a00000)
   the space 46216K,  51% used [0x09f50000, 0x0b6c2998, 0x0b6c2a00, 0x0cc72000)
 Metaspace       used 11440K, capacity 11560K, committed 11648K, reserved 11648K
GC Heap History (10 events):
Event: 5.858 GC heap before
{Heap before GC invocations=18 (full 5):
 def new generation   total 20864K, used 74K [0x04a00000, 0x060a0000, 0x09f50000)
  eden space 18560K,   0% used [0x04a00000, 0x04a128f0, 0x05c20000)
  from space 2304K,   0% used [0x05c20000, 0x05c20000, 0x05e60000)
  to   space 2304K,   0% used [0x05e60000, 0x05e60000, 0x060a0000)
 tenured generation   total 46216K, used 26274K [0x09f50000, 0x0cc72000, 0x14a00000)
   the space 46216K,  56% used [0x09f50000, 0x0b8f8820, 0x0b8f8a00, 0x0cc72000)
 Metaspace       used 11432K, capacity 11560K, committed 11648K, reserved 11648K
Event: 5.874 GC heap after
Heap after GC invocations=19 (full 6):
 def new generation   total 20864K, used 0K [0x04a00000, 0x060a0000, 0x09f50000)
  eden space 18560K,   0% used [0x04a00000, 0x04a00000, 0x05c20000)
  from space 2304K,   0% used [0x05c20000, 0x05c20000, 0x05e60000)
  to   space 2304K,   0% used [0x05e60000, 0x05e60000, 0x060a0000)
 tenured generation   total 46216K, used 26281K [0x09f50000, 0x0cc72000, 0x14a00000)
   the space 46216K,  56% used [0x09f50000, 0x0b8fa430, 0x0b8fa600, 0x0cc72000)
 Metaspace       used 11432K, capacity 11560K, committed 11648K, reserved 11648K
}
Event: 5.875 GC heap before
{Heap before GC invocations=19 (full 6):
 def new generation   total 20864K, used 0K [0x04a00000, 0x060a0000, 0x09f50000)
  eden space 18560K,   0% used [0x04a00000, 0x04a00000, 0x05c20000)
  from space 2304K,   0% used [0x05c20000, 0x05c20000, 0x05e60000)
  to   space 2304K,   0% used [0x05e60000, 0x05e60000, 0x060a0000)
 tenured generation   total 46216K, used 26281K [0x09f50000, 0x0cc72000, 0x14a00000)
   the space 46216K,  56% used [0x09f50000, 0x0b8fa430, 0x0b8fa600, 0x0cc72000)
 Metaspace       used 11432K, capacity 11560K, committed 11648K, reserved 11648K
Event: 5.890 GC heap after
Heap after GC invocations=20 (full 7):
 def new generation   total 20864K, used 0K [0x04a00000, 0x060a0000, 0x09f50000)
  eden space 18560K,   0% used [0x04a00000, 0x04a00000, 0x05c20000)
  from space 2304K,   0% used [0x05c20000, 0x05c20000, 0x05e60000)
  to   space 2304K,   0% used [0x05e60000, 0x05e60000, 0x060a0000)
 tenured generation   total 46216K, used 26281K [0x09f50000, 0x0cc72000, 0x14a00000)
   the space 46216K,  56% used [0x09f50000, 0x0b8fa430, 0x0b8fa600, 0x0cc72000)
 Metaspace       used 11432K, capacity 11560K, committed 11648K, reserved 11648K
}
Event: 5.890 GC heap before
{Heap before GC invocations=20 (full 7):
 def new generation   total 20864K, used 74K [0x04a00000, 0x060a0000, 0x09f50000)
  eden space 18560K,   0% used [0x04a00000, 0x04a12900, 0x05c20000)
  from space 2304K,   0% used [0x05c20000, 0x05c20000, 0x05e60000)
  to   space 2304K,   0% used [0x05e60000, 0x05e60000, 0x060a0000)
 tenured generation   total 46216K, used 26281K [0x09f50000, 0x0cc72000, 0x14a00000)
   the space 46216K,  56% used [0x09f50000, 0x0b8fa430, 0x0b8fa600, 0x0cc72000)
 Metaspace       used 11432K, capacity 11560K, committed 11648K, reserved 11648K
Event: 5.908 GC heap after
Heap after GC invocations=21 (full 8):
 def new generation   total 20864K, used 0K [0x04a00000, 0x060a0000, 0x09f50000)
  eden space 18560K,   0% used [0x04a00000, 0x04a00000, 0x05c20000)
  from space 2304K,   0% used [0x05c20000, 0x05c20000, 0x05e60000)
  to   space 2304K,   0% used [0x05e60000, 0x05e60000, 0x060a0000)
 tenured generation   total 46216K, used 25698K [0x09f50000, 0x0cc72000, 0x14a00000)
   the space 46216K,  55% used [0x09f50000, 0x0b868ac0, 0x0b868c00, 0x0cc72000)
 Metaspace       used 11432K, capacity 11560K, committed 11648K, reserved 11648K
}
Event: 5.908 GC heap before
{Heap before GC invocations=21 (full 8):
 def new generation   total 20864K, used 0K [0x04a00000, 0x060a0000, 0x09f50000)
  eden space 18560K,   0% used [0x04a00000, 0x04a00000, 0x05c20000)
  from space 2304K,   0% used [0x05c20000, 0x05c20000, 0x05e60000)
  to   space 2304K,   0% used [0x05e60000, 0x05e60000, 0x060a0000)
 tenured generation   total 46216K, used 25698K [0x09f50000, 0x0cc72000, 0x14a00000)
   the space 46216K,  55% used [0x09f50000, 0x0b868ac0, 0x0b868c00, 0x0cc72000)
 Metaspace       used 11432K, capacity 11560K, committed 11648K, reserved 11648K
Event: 5.924 GC heap after
Heap after GC invocations=22 (full 9):
 def new generation   total 20864K, used 0K [0x04a00000, 0x060a0000, 0x09f50000)
  eden space 18560K,   0% used [0x04a00000, 0x04a00000, 0x05c20000)
  from space 2304K,   0% used [0x05c20000, 0x05c20000, 0x05e60000)
  to   space 2304K,   0% used [0x05e60000, 0x05e60000, 0x060a0000)
 tenured generation   total 46216K, used 25698K [0x09f50000, 0x0cc72000, 0x14a00000)
   the space 46216K,  55% used [0x09f50000, 0x0b868ac0, 0x0b868c00, 0x0cc72000)
 Metaspace       used 11432K, capacity 11560K, committed 11648K, reserved 11648K
}
Event: 5.924 GC heap before
{Heap before GC invocations=22 (full 9):
 def new generation   total 20864K, used 0K [0x04a00000, 0x060a0000, 0x09f50000)
  eden space 18560K,   0% used [0x04a00000, 0x04a00000, 0x05c20000)
  from space 2304K,   0% used [0x05c20000, 0x05c20000, 0x05e60000)
  to   space 2304K,   0% used [0x05e60000, 0x05e60000, 0x060a0000)
 tenured generation   total 46216K, used 25698K [0x09f50000, 0x0cc72000, 0x14a00000)
   the space 46216K,  55% used [0x09f50000, 0x0b868ac0, 0x0b868c00, 0x0cc72000)
 Metaspace       used 11432K, capacity 11560K, committed 11648K, reserved 11648K
Event: 5.941 GC heap after
Heap after GC invocations=23 (full 10):
 def new generation   total 20864K, used 0K [0x04a00000, 0x060a0000, 0x09f50000)
  eden space 18560K,   0% used [0x04a00000, 0x04a00000, 0x05c20000)
  from space 2304K,   0% used [0x05c20000, 0x05c20000, 0x05e60000)
  to   space 2304K,   0% used [0x05e60000, 0x05e60000, 0x060a0000)
 tenured generation   total 46216K, used 24010K [0x09f50000, 0x0cc72000, 0x14a00000)
   the space 46216K,  51% used [0x09f50000, 0x0b6c2998, 0x0b6c2a00, 0x0cc72000)
 Metaspace       used 11432K, capacity 11560K, committed 11648K, reserved 11648K
}

